<?xml version="1.0" encoding="UTF-8"?>
<testsuite xmlns:xsi="http://www.w3.org/2001/XMLSchema-instance" xsi:noNamespaceSchemaLocation="https://maven.apache.org/surefire/maven-surefire-plugin/xsd/surefire-test-report-3.0.xsd" version="3.0" name="com.caiwen.JwtTest" time="0.241" tests="2" errors="1" skipped="0" failures="0">
  <properties>
    <property name="java.specification.version" value="17"/>
    <property name="sun.cpu.isalist" value="amd64"/>
    <property name="sun.jnu.encoding" value="GBK"/>
    <property name="java.class.path" value="C:\Users\86189\Desktop\big-event\target\test-classes;C:\Users\86189\Desktop\big-event\target\classes;E:\apache-maven-3.9.6\mvn_repo\org\springframework\boot\spring-boot-starter-web\3.2.3\spring-boot-starter-web-3.2.3.jar;E:\apache-maven-3.9.6\mvn_repo\org\springframework\boot\spring-boot-starter\3.2.3\spring-boot-starter-3.2.3.jar;E:\apache-maven-3.9.6\mvn_repo\org\springframework\boot\spring-boot\3.2.3\spring-boot-3.2.3.jar;E:\apache-maven-3.9.6\mvn_repo\org\springframework\boot\spring-boot-autoconfigure\3.2.3\spring-boot-autoconfigure-3.2.3.jar;E:\apache-maven-3.9.6\mvn_repo\org\springframework\boot\spring-boot-starter-logging\3.2.3\spring-boot-starter-logging-3.2.3.jar;E:\apache-maven-3.9.6\mvn_repo\ch\qos\logback\logback-classic\1.4.14\logback-classic-1.4.14.jar;E:\apache-maven-3.9.6\mvn_repo\ch\qos\logback\logback-core\1.4.14\logback-core-1.4.14.jar;E:\apache-maven-3.9.6\mvn_repo\org\apache\logging\log4j\log4j-to-slf4j\2.21.1\log4j-to-slf4j-2.21.1.jar;E:\apache-maven-3.9.6\mvn_repo\org\apache\logging\log4j\log4j-api\2.21.1\log4j-api-2.21.1.jar;E:\apache-maven-3.9.6\mvn_repo\org\slf4j\jul-to-slf4j\2.0.12\jul-to-slf4j-2.0.12.jar;E:\apache-maven-3.9.6\mvn_repo\jakarta\annotation\jakarta.annotation-api\2.1.1\jakarta.annotation-api-2.1.1.jar;E:\apache-maven-3.9.6\mvn_repo\org\yaml\snakeyaml\2.2\snakeyaml-2.2.jar;E:\apache-maven-3.9.6\mvn_repo\org\springframework\boot\spring-boot-starter-json\3.2.3\spring-boot-starter-json-3.2.3.jar;E:\apache-maven-3.9.6\mvn_repo\com\fasterxml\jackson\datatype\jackson-datatype-jdk8\2.15.4\jackson-datatype-jdk8-2.15.4.jar;E:\apache-maven-3.9.6\mvn_repo\com\fasterxml\jackson\datatype\jackson-datatype-jsr310\2.15.4\jackson-datatype-jsr310-2.15.4.jar;E:\apache-maven-3.9.6\mvn_repo\com\fasterxml\jackson\module\jackson-module-parameter-names\2.15.4\jackson-module-parameter-names-2.15.4.jar;E:\apache-maven-3.9.6\mvn_repo\org\springframework\boot\spring-boot-starter-tomcat\3.2.3\spring-boot-starter-tomcat-3.2.3.jar;E:\apache-maven-3.9.6\mvn_repo\org\apache\tomcat\embed\tomcat-embed-core\10.1.19\tomcat-embed-core-10.1.19.jar;E:\apache-maven-3.9.6\mvn_repo\org\apache\tomcat\embed\tomcat-embed-websocket\10.1.19\tomcat-embed-websocket-10.1.19.jar;E:\apache-maven-3.9.6\mvn_repo\org\springframework\spring-web\6.1.4\spring-web-6.1.4.jar;E:\apache-maven-3.9.6\mvn_repo\org\springframework\spring-beans\6.1.4\spring-beans-6.1.4.jar;E:\apache-maven-3.9.6\mvn_repo\io\micrometer\micrometer-observation\1.12.3\micrometer-observation-1.12.3.jar;E:\apache-maven-3.9.6\mvn_repo\io\micrometer\micrometer-commons\1.12.3\micrometer-commons-1.12.3.jar;E:\apache-maven-3.9.6\mvn_repo\org\springframework\spring-webmvc\6.1.4\spring-webmvc-6.1.4.jar;E:\apache-maven-3.9.6\mvn_repo\org\springframework\spring-aop\6.1.4\spring-aop-6.1.4.jar;E:\apache-maven-3.9.6\mvn_repo\org\springframework\spring-context\6.1.4\spring-context-6.1.4.jar;E:\apache-maven-3.9.6\mvn_repo\org\springframework\spring-expression\6.1.4\spring-expression-6.1.4.jar;E:\apache-maven-3.9.6\mvn_repo\org\mybatis\spring\boot\mybatis-spring-boot-starter\3.0.3\mybatis-spring-boot-starter-3.0.3.jar;E:\apache-maven-3.9.6\mvn_repo\org\springframework\boot\spring-boot-starter-jdbc\3.2.3\spring-boot-starter-jdbc-3.2.3.jar;E:\apache-maven-3.9.6\mvn_repo\com\zaxxer\HikariCP\5.0.1\HikariCP-5.0.1.jar;E:\apache-maven-3.9.6\mvn_repo\org\springframework\spring-jdbc\6.1.4\spring-jdbc-6.1.4.jar;E:\apache-maven-3.9.6\mvn_repo\org\mybatis\spring\boot\mybatis-spring-boot-autoconfigure\3.0.3\mybatis-spring-boot-autoconfigure-3.0.3.jar;E:\apache-maven-3.9.6\mvn_repo\org\mybatis\mybatis\3.5.14\mybatis-3.5.14.jar;E:\apache-maven-3.9.6\mvn_repo\org\mybatis\mybatis-spring\3.0.3\mybatis-spring-3.0.3.jar;E:\apache-maven-3.9.6\mvn_repo\com\mysql\mysql-connector-j\8.3.0\mysql-connector-j-8.3.0.jar;E:\apache-maven-3.9.6\mvn_repo\org\projectlombok\lombok\1.18.30\lombok-1.18.30.jar;E:\apache-maven-3.9.6\mvn_repo\org\springframework\boot\spring-boot-starter-validation\3.2.3\spring-boot-starter-validation-3.2.3.jar;E:\apache-maven-3.9.6\mvn_repo\org\apache\tomcat\embed\tomcat-embed-el\10.1.19\tomcat-embed-el-10.1.19.jar;E:\apache-maven-3.9.6\mvn_repo\org\hibernate\validator\hibernate-validator\8.0.1.Final\hibernate-validator-8.0.1.Final.jar;E:\apache-maven-3.9.6\mvn_repo\jakarta\validation\jakarta.validation-api\3.0.2\jakarta.validation-api-3.0.2.jar;E:\apache-maven-3.9.6\mvn_repo\org\jboss\logging\jboss-logging\3.5.3.Final\jboss-logging-3.5.3.Final.jar;E:\apache-maven-3.9.6\mvn_repo\com\fasterxml\classmate\1.6.0\classmate-1.6.0.jar;E:\apache-maven-3.9.6\mvn_repo\com\auth0\java-jwt\4.4.0\java-jwt-4.4.0.jar;E:\apache-maven-3.9.6\mvn_repo\com\fasterxml\jackson\core\jackson-databind\2.15.4\jackson-databind-2.15.4.jar;E:\apache-maven-3.9.6\mvn_repo\com\fasterxml\jackson\core\jackson-annotations\2.15.4\jackson-annotations-2.15.4.jar;E:\apache-maven-3.9.6\mvn_repo\com\fasterxml\jackson\core\jackson-core\2.15.4\jackson-core-2.15.4.jar;E:\apache-maven-3.9.6\mvn_repo\org\springframework\boot\spring-boot-starter-test\3.2.3\spring-boot-starter-test-3.2.3.jar;E:\apache-maven-3.9.6\mvn_repo\org\springframework\boot\spring-boot-test\3.2.3\spring-boot-test-3.2.3.jar;E:\apache-maven-3.9.6\mvn_repo\org\springframework\boot\spring-boot-test-autoconfigure\3.2.3\spring-boot-test-autoconfigure-3.2.3.jar;E:\apache-maven-3.9.6\mvn_repo\com\jayway\jsonpath\json-path\2.9.0\json-path-2.9.0.jar;E:\apache-maven-3.9.6\mvn_repo\org\slf4j\slf4j-api\2.0.12\slf4j-api-2.0.12.jar;E:\apache-maven-3.9.6\mvn_repo\jakarta\xml\bind\jakarta.xml.bind-api\4.0.1\jakarta.xml.bind-api-4.0.1.jar;E:\apache-maven-3.9.6\mvn_repo\jakarta\activation\jakarta.activation-api\2.1.2\jakarta.activation-api-2.1.2.jar;E:\apache-maven-3.9.6\mvn_repo\net\minidev\json-smart\2.5.0\json-smart-2.5.0.jar;E:\apache-maven-3.9.6\mvn_repo\net\minidev\accessors-smart\2.5.0\accessors-smart-2.5.0.jar;E:\apache-maven-3.9.6\mvn_repo\org\ow2\asm\asm\9.3\asm-9.3.jar;E:\apache-maven-3.9.6\mvn_repo\org\assertj\assertj-core\3.24.2\assertj-core-3.24.2.jar;E:\apache-maven-3.9.6\mvn_repo\net\bytebuddy\byte-buddy\1.14.12\byte-buddy-1.14.12.jar;E:\apache-maven-3.9.6\mvn_repo\org\awaitility\awaitility\4.2.0\awaitility-4.2.0.jar;E:\apache-maven-3.9.6\mvn_repo\org\hamcrest\hamcrest\2.2\hamcrest-2.2.jar;E:\apache-maven-3.9.6\mvn_repo\org\junit\jupiter\junit-jupiter\5.10.2\junit-jupiter-5.10.2.jar;E:\apache-maven-3.9.6\mvn_repo\org\junit\jupiter\junit-jupiter-api\5.10.2\junit-jupiter-api-5.10.2.jar;E:\apache-maven-3.9.6\mvn_repo\org\opentest4j\opentest4j\1.3.0\opentest4j-1.3.0.jar;E:\apache-maven-3.9.6\mvn_repo\org\junit\platform\junit-platform-commons\1.10.2\junit-platform-commons-1.10.2.jar;E:\apache-maven-3.9.6\mvn_repo\org\apiguardian\apiguardian-api\1.1.2\apiguardian-api-1.1.2.jar;E:\apache-maven-3.9.6\mvn_repo\org\junit\jupiter\junit-jupiter-params\5.10.2\junit-jupiter-params-5.10.2.jar;E:\apache-maven-3.9.6\mvn_repo\org\junit\jupiter\junit-jupiter-engine\5.10.2\junit-jupiter-engine-5.10.2.jar;E:\apache-maven-3.9.6\mvn_repo\org\junit\platform\junit-platform-engine\1.10.2\junit-platform-engine-1.10.2.jar;E:\apache-maven-3.9.6\mvn_repo\org\mockito\mockito-core\5.7.0\mockito-core-5.7.0.jar;E:\apache-maven-3.9.6\mvn_repo\net\bytebuddy\byte-buddy-agent\1.14.12\byte-buddy-agent-1.14.12.jar;E:\apache-maven-3.9.6\mvn_repo\org\objenesis\objenesis\3.3\objenesis-3.3.jar;E:\apache-maven-3.9.6\mvn_repo\org\mockito\mockito-junit-jupiter\5.7.0\mockito-junit-jupiter-5.7.0.jar;E:\apache-maven-3.9.6\mvn_repo\org\skyscreamer\jsonassert\1.5.1\jsonassert-1.5.1.jar;E:\apache-maven-3.9.6\mvn_repo\com\vaadin\external\google\android-json\0.0.20131108.vaadin1\android-json-0.0.20131108.vaadin1.jar;E:\apache-maven-3.9.6\mvn_repo\org\springframework\spring-core\6.1.4\spring-core-6.1.4.jar;E:\apache-maven-3.9.6\mvn_repo\org\springframework\spring-jcl\6.1.4\spring-jcl-6.1.4.jar;E:\apache-maven-3.9.6\mvn_repo\org\springframework\spring-test\6.1.4\spring-test-6.1.4.jar;E:\apache-maven-3.9.6\mvn_repo\org\xmlunit\xmlunit-core\2.9.1\xmlunit-core-2.9.1.jar;E:\apache-maven-3.9.6\mvn_repo\com\github\pagehelper\pagehelper-spring-boot-starter\1.4.6\pagehelper-spring-boot-starter-1.4.6.jar;E:\apache-maven-3.9.6\mvn_repo\com\github\pagehelper\pagehelper-spring-boot-autoconfigure\1.4.6\pagehelper-spring-boot-autoconfigure-1.4.6.jar;E:\apache-maven-3.9.6\mvn_repo\com\github\pagehelper\pagehelper\5.3.2\pagehelper-5.3.2.jar;E:\apache-maven-3.9.6\mvn_repo\com\github\jsqlparser\jsqlparser\4.5\jsqlparser-4.5.jar;E:\apache-maven-3.9.6\mvn_repo\com\aliyun\oss\aliyun-sdk-oss\3.17.4\aliyun-sdk-oss-3.17.4.jar;E:\apache-maven-3.9.6\mvn_repo\org\apache\httpcomponents\httpclient\4.5.13\httpclient-4.5.13.jar;E:\apache-maven-3.9.6\mvn_repo\org\apache\httpcomponents\httpcore\4.4.16\httpcore-4.4.16.jar;E:\apache-maven-3.9.6\mvn_repo\commons-logging\commons-logging\1.2\commons-logging-1.2.jar;E:\apache-maven-3.9.6\mvn_repo\commons-codec\commons-codec\1.16.1\commons-codec-1.16.1.jar;E:\apache-maven-3.9.6\mvn_repo\org\jdom\jdom2\2.0.6.1\jdom2-2.0.6.1.jar;E:\apache-maven-3.9.6\mvn_repo\org\codehaus\jettison\jettison\1.5.4\jettison-1.5.4.jar;E:\apache-maven-3.9.6\mvn_repo\com\aliyun\aliyun-java-sdk-core\4.5.10\aliyun-java-sdk-core-4.5.10.jar;E:\apache-maven-3.9.6\mvn_repo\com\google\code\gson\gson\2.10.1\gson-2.10.1.jar;E:\apache-maven-3.9.6\mvn_repo\org\jacoco\org.jacoco.agent\0.8.5\org.jacoco.agent-0.8.5-runtime.jar;E:\apache-maven-3.9.6\mvn_repo\org\ini4j\ini4j\0.5.4\ini4j-0.5.4.jar;E:\apache-maven-3.9.6\mvn_repo\io\opentracing\opentracing-api\0.33.0\opentracing-api-0.33.0.jar;E:\apache-maven-3.9.6\mvn_repo\io\opentracing\opentracing-util\0.33.0\opentracing-util-0.33.0.jar;E:\apache-maven-3.9.6\mvn_repo\io\opentracing\opentracing-noop\0.33.0\opentracing-noop-0.33.0.jar;E:\apache-maven-3.9.6\mvn_repo\com\aliyun\aliyun-java-sdk-ram\3.1.0\aliyun-java-sdk-ram-3.1.0.jar;E:\apache-maven-3.9.6\mvn_repo\com\aliyun\aliyun-java-sdk-kms\2.11.0\aliyun-java-sdk-kms-2.11.0.jar;E:\apache-maven-3.9.6\mvn_repo\javax\xml\bind\jaxb-api\2.3.1\jaxb-api-2.3.1.jar;E:\apache-maven-3.9.6\mvn_repo\javax\activation\javax.activation-api\1.2.0\javax.activation-api-1.2.0.jar;E:\apache-maven-3.9.6\mvn_repo\javax\activation\activation\1.1.1\activation-1.1.1.jar;E:\apache-maven-3.9.6\mvn_repo\org\glassfish\jaxb\jaxb-runtime\2.3.3\jaxb-runtime-2.3.3.jar;E:\apache-maven-3.9.6\mvn_repo\org\glassfish\jaxb\txw2\4.0.4\txw2-4.0.4.jar;E:\apache-maven-3.9.6\mvn_repo\com\sun\istack\istack-commons-runtime\4.1.2\istack-commons-runtime-4.1.2.jar;E:\apache-maven-3.9.6\mvn_repo\com\sun\activation\jakarta.activation\1.2.2\jakarta.activation-1.2.2.jar;E:\apache-maven-3.9.6\mvn_repo\org\springframework\boot\spring-boot-starter-data-redis\3.2.3\spring-boot-starter-data-redis-3.2.3.jar;E:\apache-maven-3.9.6\mvn_repo\io\lettuce\lettuce-core\6.3.1.RELEASE\lettuce-core-6.3.1.RELEASE.jar;E:\apache-maven-3.9.6\mvn_repo\io\netty\netty-common\4.1.107.Final\netty-common-4.1.107.Final.jar;E:\apache-maven-3.9.6\mvn_repo\io\netty\netty-handler\4.1.107.Final\netty-handler-4.1.107.Final.jar;E:\apache-maven-3.9.6\mvn_repo\io\netty\netty-resolver\4.1.107.Final\netty-resolver-4.1.107.Final.jar;E:\apache-maven-3.9.6\mvn_repo\io\netty\netty-buffer\4.1.107.Final\netty-buffer-4.1.107.Final.jar;E:\apache-maven-3.9.6\mvn_repo\io\netty\netty-transport-native-unix-common\4.1.107.Final\netty-transport-native-unix-common-4.1.107.Final.jar;E:\apache-maven-3.9.6\mvn_repo\io\netty\netty-codec\4.1.107.Final\netty-codec-4.1.107.Final.jar;E:\apache-maven-3.9.6\mvn_repo\io\netty\netty-transport\4.1.107.Final\netty-transport-4.1.107.Final.jar;E:\apache-maven-3.9.6\mvn_repo\io\projectreactor\reactor-core\3.6.3\reactor-core-3.6.3.jar;E:\apache-maven-3.9.6\mvn_repo\org\reactivestreams\reactive-streams\1.0.4\reactive-streams-1.0.4.jar;E:\apache-maven-3.9.6\mvn_repo\org\springframework\data\spring-data-redis\3.2.3\spring-data-redis-3.2.3.jar;E:\apache-maven-3.9.6\mvn_repo\org\springframework\data\spring-data-keyvalue\3.2.3\spring-data-keyvalue-3.2.3.jar;E:\apache-maven-3.9.6\mvn_repo\org\springframework\data\spring-data-commons\3.2.3\spring-data-commons-3.2.3.jar;E:\apache-maven-3.9.6\mvn_repo\org\springframework\spring-tx\6.1.4\spring-tx-6.1.4.jar;E:\apache-maven-3.9.6\mvn_repo\org\springframework\spring-oxm\6.1.4\spring-oxm-6.1.4.jar;E:\apache-maven-3.9.6\mvn_repo\org\springframework\spring-context-support\6.1.4\spring-context-support-6.1.4.jar;"/>
    <property name="java.vm.vendor" value="Eclipse Adoptium"/>
    <property name="sun.arch.data.model" value="64"/>
    <property name="user.variant" value=""/>
    <property name="java.vendor.url" value="https://adoptium.net/"/>
    <property name="user.timezone" value="Asia/Shanghai"/>
    <property name="os.name" value="Windows 11"/>
    <property name="java.vm.specification.version" value="17"/>
    <property name="sun.java.launcher" value="SUN_STANDARD"/>
    <property name="user.country" value="CN"/>
    <property name="sun.boot.library.path" value="D:\JDK\bin"/>
    <property name="sun.java.command" value="C:\Users\86189\AppData\Local\Temp\surefire2975274924185805680\surefirebooter-20240704164653679_3.jar C:\Users\86189\AppData\Local\Temp\surefire2975274924185805680 2024-07-04T16-46-53_530-jvmRun1 surefire-20240704164653679_1tmp surefire_0-20240704164653679_2tmp"/>
    <property name="jdk.debug" value="release"/>
    <property name="surefire.test.class.path" value="C:\Users\86189\Desktop\big-event\target\test-classes;C:\Users\86189\Desktop\big-event\target\classes;E:\apache-maven-3.9.6\mvn_repo\org\springframework\boot\spring-boot-starter-web\3.2.3\spring-boot-starter-web-3.2.3.jar;E:\apache-maven-3.9.6\mvn_repo\org\springframework\boot\spring-boot-starter\3.2.3\spring-boot-starter-3.2.3.jar;E:\apache-maven-3.9.6\mvn_repo\org\springframework\boot\spring-boot\3.2.3\spring-boot-3.2.3.jar;E:\apache-maven-3.9.6\mvn_repo\org\springframework\boot\spring-boot-autoconfigure\3.2.3\spring-boot-autoconfigure-3.2.3.jar;E:\apache-maven-3.9.6\mvn_repo\org\springframework\boot\spring-boot-starter-logging\3.2.3\spring-boot-starter-logging-3.2.3.jar;E:\apache-maven-3.9.6\mvn_repo\ch\qos\logback\logback-classic\1.4.14\logback-classic-1.4.14.jar;E:\apache-maven-3.9.6\mvn_repo\ch\qos\logback\logback-core\1.4.14\logback-core-1.4.14.jar;E:\apache-maven-3.9.6\mvn_repo\org\apache\logging\log4j\log4j-to-slf4j\2.21.1\log4j-to-slf4j-2.21.1.jar;E:\apache-maven-3.9.6\mvn_repo\org\apache\logging\log4j\log4j-api\2.21.1\log4j-api-2.21.1.jar;E:\apache-maven-3.9.6\mvn_repo\org\slf4j\jul-to-slf4j\2.0.12\jul-to-slf4j-2.0.12.jar;E:\apache-maven-3.9.6\mvn_repo\jakarta\annotation\jakarta.annotation-api\2.1.1\jakarta.annotation-api-2.1.1.jar;E:\apache-maven-3.9.6\mvn_repo\org\yaml\snakeyaml\2.2\snakeyaml-2.2.jar;E:\apache-maven-3.9.6\mvn_repo\org\springframework\boot\spring-boot-starter-json\3.2.3\spring-boot-starter-json-3.2.3.jar;E:\apache-maven-3.9.6\mvn_repo\com\fasterxml\jackson\datatype\jackson-datatype-jdk8\2.15.4\jackson-datatype-jdk8-2.15.4.jar;E:\apache-maven-3.9.6\mvn_repo\com\fasterxml\jackson\datatype\jackson-datatype-jsr310\2.15.4\jackson-datatype-jsr310-2.15.4.jar;E:\apache-maven-3.9.6\mvn_repo\com\fasterxml\jackson\module\jackson-module-parameter-names\2.15.4\jackson-module-parameter-names-2.15.4.jar;E:\apache-maven-3.9.6\mvn_repo\org\springframework\boot\spring-boot-starter-tomcat\3.2.3\spring-boot-starter-tomcat-3.2.3.jar;E:\apache-maven-3.9.6\mvn_repo\org\apache\tomcat\embed\tomcat-embed-core\10.1.19\tomcat-embed-core-10.1.19.jar;E:\apache-maven-3.9.6\mvn_repo\org\apache\tomcat\embed\tomcat-embed-websocket\10.1.19\tomcat-embed-websocket-10.1.19.jar;E:\apache-maven-3.9.6\mvn_repo\org\springframework\spring-web\6.1.4\spring-web-6.1.4.jar;E:\apache-maven-3.9.6\mvn_repo\org\springframework\spring-beans\6.1.4\spring-beans-6.1.4.jar;E:\apache-maven-3.9.6\mvn_repo\io\micrometer\micrometer-observation\1.12.3\micrometer-observation-1.12.3.jar;E:\apache-maven-3.9.6\mvn_repo\io\micrometer\micrometer-commons\1.12.3\micrometer-commons-1.12.3.jar;E:\apache-maven-3.9.6\mvn_repo\org\springframework\spring-webmvc\6.1.4\spring-webmvc-6.1.4.jar;E:\apache-maven-3.9.6\mvn_repo\org\springframework\spring-aop\6.1.4\spring-aop-6.1.4.jar;E:\apache-maven-3.9.6\mvn_repo\org\springframework\spring-context\6.1.4\spring-context-6.1.4.jar;E:\apache-maven-3.9.6\mvn_repo\org\springframework\spring-expression\6.1.4\spring-expression-6.1.4.jar;E:\apache-maven-3.9.6\mvn_repo\org\mybatis\spring\boot\mybatis-spring-boot-starter\3.0.3\mybatis-spring-boot-starter-3.0.3.jar;E:\apache-maven-3.9.6\mvn_repo\org\springframework\boot\spring-boot-starter-jdbc\3.2.3\spring-boot-starter-jdbc-3.2.3.jar;E:\apache-maven-3.9.6\mvn_repo\com\zaxxer\HikariCP\5.0.1\HikariCP-5.0.1.jar;E:\apache-maven-3.9.6\mvn_repo\org\springframework\spring-jdbc\6.1.4\spring-jdbc-6.1.4.jar;E:\apache-maven-3.9.6\mvn_repo\org\mybatis\spring\boot\mybatis-spring-boot-autoconfigure\3.0.3\mybatis-spring-boot-autoconfigure-3.0.3.jar;E:\apache-maven-3.9.6\mvn_repo\org\mybatis\mybatis\3.5.14\mybatis-3.5.14.jar;E:\apache-maven-3.9.6\mvn_repo\org\mybatis\mybatis-spring\3.0.3\mybatis-spring-3.0.3.jar;E:\apache-maven-3.9.6\mvn_repo\com\mysql\mysql-connector-j\8.3.0\mysql-connector-j-8.3.0.jar;E:\apache-maven-3.9.6\mvn_repo\org\projectlombok\lombok\1.18.30\lombok-1.18.30.jar;E:\apache-maven-3.9.6\mvn_repo\org\springframework\boot\spring-boot-starter-validation\3.2.3\spring-boot-starter-validation-3.2.3.jar;E:\apache-maven-3.9.6\mvn_repo\org\apache\tomcat\embed\tomcat-embed-el\10.1.19\tomcat-embed-el-10.1.19.jar;E:\apache-maven-3.9.6\mvn_repo\org\hibernate\validator\hibernate-validator\8.0.1.Final\hibernate-validator-8.0.1.Final.jar;E:\apache-maven-3.9.6\mvn_repo\jakarta\validation\jakarta.validation-api\3.0.2\jakarta.validation-api-3.0.2.jar;E:\apache-maven-3.9.6\mvn_repo\org\jboss\logging\jboss-logging\3.5.3.Final\jboss-logging-3.5.3.Final.jar;E:\apache-maven-3.9.6\mvn_repo\com\fasterxml\classmate\1.6.0\classmate-1.6.0.jar;E:\apache-maven-3.9.6\mvn_repo\com\auth0\java-jwt\4.4.0\java-jwt-4.4.0.jar;E:\apache-maven-3.9.6\mvn_repo\com\fasterxml\jackson\core\jackson-databind\2.15.4\jackson-databind-2.15.4.jar;E:\apache-maven-3.9.6\mvn_repo\com\fasterxml\jackson\core\jackson-annotations\2.15.4\jackson-annotations-2.15.4.jar;E:\apache-maven-3.9.6\mvn_repo\com\fasterxml\jackson\core\jackson-core\2.15.4\jackson-core-2.15.4.jar;E:\apache-maven-3.9.6\mvn_repo\org\springframework\boot\spring-boot-starter-test\3.2.3\spring-boot-starter-test-3.2.3.jar;E:\apache-maven-3.9.6\mvn_repo\org\springframework\boot\spring-boot-test\3.2.3\spring-boot-test-3.2.3.jar;E:\apache-maven-3.9.6\mvn_repo\org\springframework\boot\spring-boot-test-autoconfigure\3.2.3\spring-boot-test-autoconfigure-3.2.3.jar;E:\apache-maven-3.9.6\mvn_repo\com\jayway\jsonpath\json-path\2.9.0\json-path-2.9.0.jar;E:\apache-maven-3.9.6\mvn_repo\org\slf4j\slf4j-api\2.0.12\slf4j-api-2.0.12.jar;E:\apache-maven-3.9.6\mvn_repo\jakarta\xml\bind\jakarta.xml.bind-api\4.0.1\jakarta.xml.bind-api-4.0.1.jar;E:\apache-maven-3.9.6\mvn_repo\jakarta\activation\jakarta.activation-api\2.1.2\jakarta.activation-api-2.1.2.jar;E:\apache-maven-3.9.6\mvn_repo\net\minidev\json-smart\2.5.0\json-smart-2.5.0.jar;E:\apache-maven-3.9.6\mvn_repo\net\minidev\accessors-smart\2.5.0\accessors-smart-2.5.0.jar;E:\apache-maven-3.9.6\mvn_repo\org\ow2\asm\asm\9.3\asm-9.3.jar;E:\apache-maven-3.9.6\mvn_repo\org\assertj\assertj-core\3.24.2\assertj-core-3.24.2.jar;E:\apache-maven-3.9.6\mvn_repo\net\bytebuddy\byte-buddy\1.14.12\byte-buddy-1.14.12.jar;E:\apache-maven-3.9.6\mvn_repo\org\awaitility\awaitility\4.2.0\awaitility-4.2.0.jar;E:\apache-maven-3.9.6\mvn_repo\org\hamcrest\hamcrest\2.2\hamcrest-2.2.jar;E:\apache-maven-3.9.6\mvn_repo\org\junit\jupiter\junit-jupiter\5.10.2\junit-jupiter-5.10.2.jar;E:\apache-maven-3.9.6\mvn_repo\org\junit\jupiter\junit-jupiter-api\5.10.2\junit-jupiter-api-5.10.2.jar;E:\apache-maven-3.9.6\mvn_repo\org\opentest4j\opentest4j\1.3.0\opentest4j-1.3.0.jar;E:\apache-maven-3.9.6\mvn_repo\org\junit\platform\junit-platform-commons\1.10.2\junit-platform-commons-1.10.2.jar;E:\apache-maven-3.9.6\mvn_repo\org\apiguardian\apiguardian-api\1.1.2\apiguardian-api-1.1.2.jar;E:\apache-maven-3.9.6\mvn_repo\org\junit\jupiter\junit-jupiter-params\5.10.2\junit-jupiter-params-5.10.2.jar;E:\apache-maven-3.9.6\mvn_repo\org\junit\jupiter\junit-jupiter-engine\5.10.2\junit-jupiter-engine-5.10.2.jar;E:\apache-maven-3.9.6\mvn_repo\org\junit\platform\junit-platform-engine\1.10.2\junit-platform-engine-1.10.2.jar;E:\apache-maven-3.9.6\mvn_repo\org\mockito\mockito-core\5.7.0\mockito-core-5.7.0.jar;E:\apache-maven-3.9.6\mvn_repo\net\bytebuddy\byte-buddy-agent\1.14.12\byte-buddy-agent-1.14.12.jar;E:\apache-maven-3.9.6\mvn_repo\org\objenesis\objenesis\3.3\objenesis-3.3.jar;E:\apache-maven-3.9.6\mvn_repo\org\mockito\mockito-junit-jupiter\5.7.0\mockito-junit-jupiter-5.7.0.jar;E:\apache-maven-3.9.6\mvn_repo\org\skyscreamer\jsonassert\1.5.1\jsonassert-1.5.1.jar;E:\apache-maven-3.9.6\mvn_repo\com\vaadin\external\google\android-json\0.0.20131108.vaadin1\android-json-0.0.20131108.vaadin1.jar;E:\apache-maven-3.9.6\mvn_repo\org\springframework\spring-core\6.1.4\spring-core-6.1.4.jar;E:\apache-maven-3.9.6\mvn_repo\org\springframework\spring-jcl\6.1.4\spring-jcl-6.1.4.jar;E:\apache-maven-3.9.6\mvn_repo\org\springframework\spring-test\6.1.4\spring-test-6.1.4.jar;E:\apache-maven-3.9.6\mvn_repo\org\xmlunit\xmlunit-core\2.9.1\xmlunit-core-2.9.1.jar;E:\apache-maven-3.9.6\mvn_repo\com\github\pagehelper\pagehelper-spring-boot-starter\1.4.6\pagehelper-spring-boot-starter-1.4.6.jar;E:\apache-maven-3.9.6\mvn_repo\com\github\pagehelper\pagehelper-spring-boot-autoconfigure\1.4.6\pagehelper-spring-boot-autoconfigure-1.4.6.jar;E:\apache-maven-3.9.6\mvn_repo\com\github\pagehelper\pagehelper\5.3.2\pagehelper-5.3.2.jar;E:\apache-maven-3.9.6\mvn_repo\com\github\jsqlparser\jsqlparser\4.5\jsqlparser-4.5.jar;E:\apache-maven-3.9.6\mvn_repo\com\aliyun\oss\aliyun-sdk-oss\3.17.4\aliyun-sdk-oss-3.17.4.jar;E:\apache-maven-3.9.6\mvn_repo\org\apache\httpcomponents\httpclient\4.5.13\httpclient-4.5.13.jar;E:\apache-maven-3.9.6\mvn_repo\org\apache\httpcomponents\httpcore\4.4.16\httpcore-4.4.16.jar;E:\apache-maven-3.9.6\mvn_repo\commons-logging\commons-logging\1.2\commons-logging-1.2.jar;E:\apache-maven-3.9.6\mvn_repo\commons-codec\commons-codec\1.16.1\commons-codec-1.16.1.jar;E:\apache-maven-3.9.6\mvn_repo\org\jdom\jdom2\2.0.6.1\jdom2-2.0.6.1.jar;E:\apache-maven-3.9.6\mvn_repo\org\codehaus\jettison\jettison\1.5.4\jettison-1.5.4.jar;E:\apache-maven-3.9.6\mvn_repo\com\aliyun\aliyun-java-sdk-core\4.5.10\aliyun-java-sdk-core-4.5.10.jar;E:\apache-maven-3.9.6\mvn_repo\com\google\code\gson\gson\2.10.1\gson-2.10.1.jar;E:\apache-maven-3.9.6\mvn_repo\org\jacoco\org.jacoco.agent\0.8.5\org.jacoco.agent-0.8.5-runtime.jar;E:\apache-maven-3.9.6\mvn_repo\org\ini4j\ini4j\0.5.4\ini4j-0.5.4.jar;E:\apache-maven-3.9.6\mvn_repo\io\opentracing\opentracing-api\0.33.0\opentracing-api-0.33.0.jar;E:\apache-maven-3.9.6\mvn_repo\io\opentracing\opentracing-util\0.33.0\opentracing-util-0.33.0.jar;E:\apache-maven-3.9.6\mvn_repo\io\opentracing\opentracing-noop\0.33.0\opentracing-noop-0.33.0.jar;E:\apache-maven-3.9.6\mvn_repo\com\aliyun\aliyun-java-sdk-ram\3.1.0\aliyun-java-sdk-ram-3.1.0.jar;E:\apache-maven-3.9.6\mvn_repo\com\aliyun\aliyun-java-sdk-kms\2.11.0\aliyun-java-sdk-kms-2.11.0.jar;E:\apache-maven-3.9.6\mvn_repo\javax\xml\bind\jaxb-api\2.3.1\jaxb-api-2.3.1.jar;E:\apache-maven-3.9.6\mvn_repo\javax\activation\javax.activation-api\1.2.0\javax.activation-api-1.2.0.jar;E:\apache-maven-3.9.6\mvn_repo\javax\activation\activation\1.1.1\activation-1.1.1.jar;E:\apache-maven-3.9.6\mvn_repo\org\glassfish\jaxb\jaxb-runtime\2.3.3\jaxb-runtime-2.3.3.jar;E:\apache-maven-3.9.6\mvn_repo\org\glassfish\jaxb\txw2\4.0.4\txw2-4.0.4.jar;E:\apache-maven-3.9.6\mvn_repo\com\sun\istack\istack-commons-runtime\4.1.2\istack-commons-runtime-4.1.2.jar;E:\apache-maven-3.9.6\mvn_repo\com\sun\activation\jakarta.activation\1.2.2\jakarta.activation-1.2.2.jar;E:\apache-maven-3.9.6\mvn_repo\org\springframework\boot\spring-boot-starter-data-redis\3.2.3\spring-boot-starter-data-redis-3.2.3.jar;E:\apache-maven-3.9.6\mvn_repo\io\lettuce\lettuce-core\6.3.1.RELEASE\lettuce-core-6.3.1.RELEASE.jar;E:\apache-maven-3.9.6\mvn_repo\io\netty\netty-common\4.1.107.Final\netty-common-4.1.107.Final.jar;E:\apache-maven-3.9.6\mvn_repo\io\netty\netty-handler\4.1.107.Final\netty-handler-4.1.107.Final.jar;E:\apache-maven-3.9.6\mvn_repo\io\netty\netty-resolver\4.1.107.Final\netty-resolver-4.1.107.Final.jar;E:\apache-maven-3.9.6\mvn_repo\io\netty\netty-buffer\4.1.107.Final\netty-buffer-4.1.107.Final.jar;E:\apache-maven-3.9.6\mvn_repo\io\netty\netty-transport-native-unix-common\4.1.107.Final\netty-transport-native-unix-common-4.1.107.Final.jar;E:\apache-maven-3.9.6\mvn_repo\io\netty\netty-codec\4.1.107.Final\netty-codec-4.1.107.Final.jar;E:\apache-maven-3.9.6\mvn_repo\io\netty\netty-transport\4.1.107.Final\netty-transport-4.1.107.Final.jar;E:\apache-maven-3.9.6\mvn_repo\io\projectreactor\reactor-core\3.6.3\reactor-core-3.6.3.jar;E:\apache-maven-3.9.6\mvn_repo\org\reactivestreams\reactive-streams\1.0.4\reactive-streams-1.0.4.jar;E:\apache-maven-3.9.6\mvn_repo\org\springframework\data\spring-data-redis\3.2.3\spring-data-redis-3.2.3.jar;E:\apache-maven-3.9.6\mvn_repo\org\springframework\data\spring-data-keyvalue\3.2.3\spring-data-keyvalue-3.2.3.jar;E:\apache-maven-3.9.6\mvn_repo\org\springframework\data\spring-data-commons\3.2.3\spring-data-commons-3.2.3.jar;E:\apache-maven-3.9.6\mvn_repo\org\springframework\spring-tx\6.1.4\spring-tx-6.1.4.jar;E:\apache-maven-3.9.6\mvn_repo\org\springframework\spring-oxm\6.1.4\spring-oxm-6.1.4.jar;E:\apache-maven-3.9.6\mvn_repo\org\springframework\spring-context-support\6.1.4\spring-context-support-6.1.4.jar;"/>
    <property name="sun.cpu.endian" value="little"/>
    <property name="user.home" value="C:\Users\86189"/>
    <property name="user.language" value="zh"/>
    <property name="java.specification.vendor" value="Oracle Corporation"/>
    <property name="java.version.date" value="2023-04-18"/>
    <property name="java.home" value="D:\JDK"/>
    <property name="file.separator" value="\"/>
    <property name="basedir" value="C:\Users\86189\Desktop\big-event"/>
    <property name="java.vm.compressedOopsMode" value="Zero based"/>
    <property name="line.separator" value="&#10;"/>
    <property name="java.vm.specification.vendor" value="Oracle Corporation"/>
    <property name="java.specification.name" value="Java Platform API Specification"/>
    <property name="surefire.real.class.path" value="C:\Users\86189\AppData\Local\Temp\surefire2975274924185805680\surefirebooter-20240704164653679_3.jar"/>
    <property name="user.script" value=""/>
    <property name="sun.management.compiler" value="HotSpot 64-Bit Tiered Compilers"/>
    <property name="java.runtime.version" value="17.0.7+7"/>
    <property name="user.name" value="86189"/>
    <property name="path.separator" value=";"/>
    <property name="os.version" value="10.0"/>
    <property name="java.runtime.name" value="OpenJDK Runtime Environment"/>
    <property name="file.encoding" value="GBK"/>
    <property name="java.vm.name" value="OpenJDK 64-Bit Server VM"/>
    <property name="java.vendor.version" value="Temurin-17.0.7+7"/>
    <property name="localRepository" value="E:\apache-maven-3.9.6\mvn_repo"/>
    <property name="java.vendor.url.bug" value="https://github.com/adoptium/adoptium-support/issues"/>
    <property name="java.io.tmpdir" value="C:\Users\86189\AppData\Local\Temp\"/>
    <property name="idea.version" value="2023.1.4"/>
    <property name="java.version" value="17.0.7"/>
    <property name="user.dir" value="C:\Users\86189\Desktop\big-event"/>
    <property name="os.arch" value="amd64"/>
    <property name="java.vm.specification.name" value="Java Virtual Machine Specification"/>
    <property name="sun.os.patch.level" value=""/>
    <property name="native.encoding" value="GBK"/>
    <property name="java.library.path" value="D:\JDK\bin;C:\WINDOWS\Sun\Java\bin;C:\WINDOWS\system32;C:\WINDOWS;C:\Program Files\Python310\Scripts\;C:\Program Files\Python310\;C:\python\Scripts\;C:\python\;C:\Program Files (x86)\VMware\VMware Workstation\bin\;C:\WINDOWS\system32;C:\WINDOWS;C:\WINDOWS\System32\Wbem;C:\WINDOWS\System32\WindowsPowerShell\v1.0\;C:\WINDOWS\System32\OpenSSH\;C:\Program Files\Microsoft VS Code\bin;C:\TDM-GCC-64\bin;C:\Program Files\dotnet\;C:\Program Files\Git\cmd;D:\JDK\bin;C:\Program Files\nodejs\;C:\Program Files (x86)\Microsoft SQL Server\160\Tools\Binn\;C:\Program Files\Microsoft SQL Server\160\Tools\Binn\;C:\Program Files\Microsoft SQL Server\Client SDK\ODBC\170\Tools\Binn\;C:\Program Files\Microsoft SQL Server\160\DTS\Binn\;C:\Program Files (x86)\Microsoft SQL Server\160\DTS\Binn\;C:\Program Files\Azure Data Studio\bin;C:\Program Files\MySQL\MySQL Server 8.0\bin\;C:\Program Files\Go\bin;D:\工具包\ffmpeg\ffmpeg-master-latest-win64-gpl-shared\bin;C:\Program Files\TortoiseGit\bin;E:\微信开发者工具\微信web开发者工具\dll;E:\apache-maven-3.9.6\bin;C:\Program Files\MySQL\MySQL Shell 8.0\bin\;C:\Users\86189\AppData\Local\Microsoft\WindowsApps;C:\Users\86189\AppData\Local\Programs\Microsoft VS Code\bin;C:\Program Files\JetBrains\PyCharm Community Edition 2023.1.2\bin;;D:\clion\CLion 2023.1.5\bin;;C:\Users\86189\AppData\Roaming\npm;C:\Program Files\Azure Data Studio\bin;C:\Users\86189\go\bin;C:\Program Files\JetBrains\GoLand 2023.2.2\bin;;C:\Program Files (x86)\Tencent\QQGameTempest\Hall.57702\;C:\Program Files\JetBrains\DataGrip 2023.2.3\bin;;."/>
    <property name="java.vm.info" value="mixed mode, sharing"/>
    <property name="java.vendor" value="Eclipse Adoptium"/>
    <property name="java.vm.version" value="17.0.7+7"/>
    <property name="sun.io.unicode.encoding" value="UnicodeLittle"/>
    <property name="java.class.version" value="61.0"/>
  </properties>
  <testcase name="testGen" classname="com.caiwen.JwtTest" time="0.184">
    <system-out><![CDATA[eyJhbGciOiJIUzI1NiIsInR5cCI6IkpXVCJ9.eyJ1c2VyIjp7ImlkIjoxLCJ1c2VybmFtZSI6InpoYW5nc2FuIn0sImV4cCI6MTcyMDA5MzYxNH0.bw6HS-AREk46k1ha2DreVkEXye1_UhDQcZ_-NAYjFBQ
]]></system-out>
  </testcase>
  <testcase name="testParse" classname="com.caiwen.JwtTest" time="0.038">
    <error message="The Token has expired on 2024-06-30T06:25:42Z." type="com.auth0.jwt.exceptions.TokenExpiredException"><![CDATA[com.auth0.jwt.exceptions.TokenExpiredException: The Token has expired on 2024-06-30T06:25:42Z.
	at com.auth0.jwt.JWTVerifier$BaseVerification.assertValidInstantClaim(JWTVerifier.java:346)
	at com.auth0.jwt.JWTVerifier$BaseVerification.lambda$addMandatoryClaimChecks$17(JWTVerifier.java:308)
	at com.auth0.jwt.JWTVerifier$BaseVerification$1.verify(JWTVerifier.java:405)
	at com.auth0.jwt.JWTVerifier.verifyClaims(JWTVerifier.java:482)
	at com.auth0.jwt.JWTVerifier.verify(JWTVerifier.java:464)
	at com.auth0.jwt.JWTVerifier.verify(JWTVerifier.java:445)
	at com.caiwen.JwtTest.testParse(JwtTest.java:36)
	at java.base/java.lang.reflect.Method.invoke(Method.java:568)
	at java.base/java.util.ArrayList.forEach(ArrayList.java:1511)
	at java.base/java.util.ArrayList.forEach(ArrayList.java:1511)
]]></error>
  </testcase>
</testsuite>